<?xml version="1.0" encoding="UTF-8"?>
<!-- Generated by org.testng.reporters.JUnitReportReporter -->
<testsuite hostname="EXPLPT22" failures="0" tests="1" name="com.crm.qa.testcases.SauceDemoTest" time="4.824" errors="0" timestamp="2023-05-24T11:48:03 IST" skipped="0">
  <testcase classname="com.crm.qa.testcases.SauceDemoTest" name="saucedemotest" time="4.824"/>
  <system-out/>
</testsuite> <!-- com.crm.qa.testcases.SauceDemoTest -->
