<?xml version="1.0" encoding="UTF-8"?>
<!-- Generated by org.testng.reporters.JUnitReportReporter -->
<testsuite hostname="EXPLPT22" failures="0" tests="1" name="com.crm.qa.testcases.DemoSauce" time="4.853" errors="0" timestamp="2023-05-22T13:03:12 IST" skipped="0">
  <testcase classname="com.crm.qa.testcases.DemoSauce" name="demoSauce" time="4.853"/>
  <system-out/>
</testsuite> <!-- com.crm.qa.testcases.DemoSauce -->
