<?xml version="1.0" encoding="UTF-8"?>
<!-- Generated by org.testng.reporters.JUnitReportReporter -->
<testsuite hostname="EXPLPT22" failures="0" tests="1" name="com.crm.qa.testcases.ErrorValidations" time="5.218" errors="0" timestamp="2023-05-24T14:13:30 IST" skipped="0">
  <testcase classname="com.crm.qa.testcases.ErrorValidations" name="saucedemotest" time="5.218"/>
  <system-out/>
</testsuite> <!-- com.crm.qa.testcases.ErrorValidations -->
