<?xml version="1.0" encoding="UTF-8"?>
<!-- Generated by org.testng.reporters.JUnitReportReporter -->
<testsuite hostname="EXPLPT22" failures="0" tests="1" name="com.crm.qa.testcases.SauceDemoTest" time="5.737" errors="0" timestamp="2023-05-23T14:40:31 IST" skipped="0">
  <testcase classname="com.crm.qa.testcases.SauceDemoTest" name="saucedemotest" time="5.737"/>
  <system-out/>
</testsuite> <!-- com.crm.qa.testcases.SauceDemoTest -->
